1699697059093:view
1699697229674:add aa aa 2
1699697234721:view
1699697248292:remove 1f1dfd24-0700-4405-bcb4-94c66b1ef227
1699697251874:view
1699697258515:remove_all
1699697261779:view
1699701621292:add ss aaa 2
1699701709618:view
1699701715249:add wqwqw qwqw 22
1699702190125:view
1699702194836:add aaa aa 22
1699702269771:add aa aa 2
1699702276633:view
1699702887448:add ddd dd 33
1699702960722:add dd dd 3
1699702988322:add ddd ddd 3
1699703032538:view
1699703131061:add aaa aaa 22
1699703225751:add dd dd 3
1699703337778:view
1699703341863:add aaa aaa 2
1699703344942:view
1699704667309:add ddd ded 3
1699704670568:view
1699705389887:add alena krasota 22
1699705393390:view
1699717317529:add add ds 33
1699717320956:view
1699717332947:remove 1ecb6a51-7266-44f3-8877-5cf3768d47f6
1699717337010:view
